Created by PLY version 3.11 (http://www.dabeaz.com/ply)

Grammar

Rule 0     S' -> expression
Rule 1     expression -> expression AND expression
Rule 2     expression -> expression OR expression
Rule 3     expression -> expression IMPLIES expression
Rule 4     expression -> FORALL expression UNTIL expression
Rule 5     expression -> EXIST expression UNTIL expression
Rule 6     expression -> FORALL GLOBALLY expression
Rule 7     expression -> FORALL NEXT expression
Rule 8     expression -> FORALL EVENTUALLY expression
Rule 9     expression -> EXIST GLOBALLY expression
Rule 10    expression -> EXIST NEXT expression
Rule 11    expression -> EXIST EVENTUALLY expression
Rule 12    expression -> NOT expression
Rule 13    expression -> LPAREN expression RPAREN
Rule 14    expression -> PROP

Terminals, with rules where they appear

AND                  : 1
EVENTUALLY           : 8 11
EXIST                : 5 9 10 11
FORALL               : 4 6 7 8
GLOBALLY             : 6 9
IMPLIES              : 3
LPAREN               : 13
NEXT                 : 7 10
NOT                  : 12
OR                   : 2
PROP                 : 14
RPAREN               : 13
UNTIL                : 4 5
error                : 

Nonterminals, with rules where they appear

expression           : 1 1 2 2 3 3 4 4 5 5 6 7 8 9 10 11 12 13 0

Parsing method: LALR

state 0

    (0) S' -> . expression
    (1) expression -> . expression AND expression
    (2) expression -> . expression OR expression
    (3) expression -> . expression IMPLIES expression
    (4) expression -> . FORALL expression UNTIL expression
    (5) expression -> . EXIST expression UNTIL expression
    (6) expression -> . FORALL GLOBALLY expression
    (7) expression -> . FORALL NEXT expression
    (8) expression -> . FORALL EVENTUALLY expression
    (9) expression -> . EXIST GLOBALLY expression
    (10) expression -> . EXIST NEXT expression
    (11) expression -> . EXIST EVENTUALLY expression
    (12) expression -> . NOT expression
    (13) expression -> . LPAREN expression RPAREN
    (14) expression -> . PROP

    FORALL          shift and go to state 2
    EXIST           shift and go to state 3
    NOT             shift and go to state 4
    LPAREN          shift and go to state 5
    PROP            shift and go to state 6

    expression                     shift and go to state 1

state 1

    (0) S' -> expression .
    (1) expression -> expression . AND expression
    (2) expression -> expression . OR expression
    (3) expression -> expression . IMPLIES expression

    AND             shift and go to state 7
    OR              shift and go to state 8
    IMPLIES         shift and go to state 9


state 2

    (4) expression -> FORALL . expression UNTIL expression
    (6) expression -> FORALL . GLOBALLY expression
    (7) expression -> FORALL . NEXT expression
    (8) expression -> FORALL . EVENTUALLY expression
    (1) expression -> . expression AND expression
    (2) expression -> . expression OR expression
    (3) expression -> . expression IMPLIES expression
    (4) expression -> . FORALL expression UNTIL expression
    (5) expression -> . EXIST expression UNTIL expression
    (6) expression -> . FORALL GLOBALLY expression
    (7) expression -> . FORALL NEXT expression
    (8) expression -> . FORALL EVENTUALLY expression
    (9) expression -> . EXIST GLOBALLY expression
    (10) expression -> . EXIST NEXT expression
    (11) expression -> . EXIST EVENTUALLY expression
    (12) expression -> . NOT expression
    (13) expression -> . LPAREN expression RPAREN
    (14) expression -> . PROP

    GLOBALLY        shift and go to state 11
    NEXT            shift and go to state 12
    EVENTUALLY      shift and go to state 13
    FORALL          shift and go to state 2
    EXIST           shift and go to state 3
    NOT             shift and go to state 4
    LPAREN          shift and go to state 5
    PROP            shift and go to state 6

    expression                     shift and go to state 10

state 3

    (5) expression -> EXIST . expression UNTIL expression
    (9) expression -> EXIST . GLOBALLY expression
    (10) expression -> EXIST . NEXT expression
    (11) expression -> EXIST . EVENTUALLY expression
    (1) expression -> . expression AND expression
    (2) expression -> . expression OR expression
    (3) expression -> . expression IMPLIES expression
    (4) expression -> . FORALL expression UNTIL expression
    (5) expression -> . EXIST expression UNTIL expression
    (6) expression -> . FORALL GLOBALLY expression
    (7) expression -> . FORALL NEXT expression
    (8) expression -> . FORALL EVENTUALLY expression
    (9) expression -> . EXIST GLOBALLY expression
    (10) expression -> . EXIST NEXT expression
    (11) expression -> . EXIST EVENTUALLY expression
    (12) expression -> . NOT expression
    (13) expression -> . LPAREN expression RPAREN
    (14) expression -> . PROP

    GLOBALLY        shift and go to state 15
    NEXT            shift and go to state 16
    EVENTUALLY      shift and go to state 17
    FORALL          shift and go to state 2
    EXIST           shift and go to state 3
    NOT             shift and go to state 4
    LPAREN          shift and go to state 5
    PROP            shift and go to state 6

    expression                     shift and go to state 14

state 4

    (12) expression -> NOT . expression
    (1) expression -> . expression AND expression
    (2) expression -> . expression OR expression
    (3) expression -> . expression IMPLIES expression
    (4) expression -> . FORALL expression UNTIL expression
    (5) expression -> . EXIST expression UNTIL expression
    (6) expression -> . FORALL GLOBALLY expression
    (7) expression -> . FORALL NEXT expression
    (8) expression -> . FORALL EVENTUALLY expression
    (9) expression -> . EXIST GLOBALLY expression
    (10) expression -> . EXIST NEXT expression
    (11) expression -> . EXIST EVENTUALLY expression
    (12) expression -> . NOT expression
    (13) expression -> . LPAREN expression RPAREN
    (14) expression -> . PROP

    FORALL          shift and go to state 2
    EXIST           shift and go to state 3
    NOT             shift and go to state 4
    LPAREN          shift and go to state 5
    PROP            shift and go to state 6

    expression                     shift and go to state 18

state 5

    (13) expression -> LPAREN . expression RPAREN
    (1) expression -> . expression AND expression
    (2) expression -> . expression OR expression
    (3) expression -> . expression IMPLIES expression
    (4) expression -> . FORALL expression UNTIL expression
    (5) expression -> . EXIST expression UNTIL expression
    (6) expression -> . FORALL GLOBALLY expression
    (7) expression -> . FORALL NEXT expression
    (8) expression -> . FORALL EVENTUALLY expression
    (9) expression -> . EXIST GLOBALLY expression
    (10) expression -> . EXIST NEXT expression
    (11) expression -> . EXIST EVENTUALLY expression
    (12) expression -> . NOT expression
    (13) expression -> . LPAREN expression RPAREN
    (14) expression -> . PROP

    FORALL          shift and go to state 2
    EXIST           shift and go to state 3
    NOT             shift and go to state 4
    LPAREN          shift and go to state 5
    PROP            shift and go to state 6

    expression                     shift and go to state 19

state 6

    (14) expression -> PROP .

    AND             reduce using rule 14 (expression -> PROP .)
    OR              reduce using rule 14 (expression -> PROP .)
    IMPLIES         reduce using rule 14 (expression -> PROP .)
    $end            reduce using rule 14 (expression -> PROP .)
    UNTIL           reduce using rule 14 (expression -> PROP .)
    RPAREN          reduce using rule 14 (expression -> PROP .)


state 7

    (1) expression -> expression AND . expression
    (1) expression -> . expression AND expression
    (2) expression -> . expression OR expression
    (3) expression -> . expression IMPLIES expression
    (4) expression -> . FORALL expression UNTIL expression
    (5) expression -> . EXIST expression UNTIL expression
    (6) expression -> . FORALL GLOBALLY expression
    (7) expression -> . FORALL NEXT expression
    (8) expression -> . FORALL EVENTUALLY expression
    (9) expression -> . EXIST GLOBALLY expression
    (10) expression -> . EXIST NEXT expression
    (11) expression -> . EXIST EVENTUALLY expression
    (12) expression -> . NOT expression
    (13) expression -> . LPAREN expression RPAREN
    (14) expression -> . PROP

    FORALL          shift and go to state 2
    EXIST           shift and go to state 3
    NOT             shift and go to state 4
    LPAREN          shift and go to state 5
    PROP            shift and go to state 6

    expression                     shift and go to state 20

state 8

    (2) expression -> expression OR . expression
    (1) expression -> . expression AND expression
    (2) expression -> . expression OR expression
    (3) expression -> . expression IMPLIES expression
    (4) expression -> . FORALL expression UNTIL expression
    (5) expression -> . EXIST expression UNTIL expression
    (6) expression -> . FORALL GLOBALLY expression
    (7) expression -> . FORALL NEXT expression
    (8) expression -> . FORALL EVENTUALLY expression
    (9) expression -> . EXIST GLOBALLY expression
    (10) expression -> . EXIST NEXT expression
    (11) expression -> . EXIST EVENTUALLY expression
    (12) expression -> . NOT expression
    (13) expression -> . LPAREN expression RPAREN
    (14) expression -> . PROP

    FORALL          shift and go to state 2
    EXIST           shift and go to state 3
    NOT             shift and go to state 4
    LPAREN          shift and go to state 5
    PROP            shift and go to state 6

    expression                     shift and go to state 21

state 9

    (3) expression -> expression IMPLIES . expression
    (1) expression -> . expression AND expression
    (2) expression -> . expression OR expression
    (3) expression -> . expression IMPLIES expression
    (4) expression -> . FORALL expression UNTIL expression
    (5) expression -> . EXIST expression UNTIL expression
    (6) expression -> . FORALL GLOBALLY expression
    (7) expression -> . FORALL NEXT expression
    (8) expression -> . FORALL EVENTUALLY expression
    (9) expression -> . EXIST GLOBALLY expression
    (10) expression -> . EXIST NEXT expression
    (11) expression -> . EXIST EVENTUALLY expression
    (12) expression -> . NOT expression
    (13) expression -> . LPAREN expression RPAREN
    (14) expression -> . PROP

    FORALL          shift and go to state 2
    EXIST           shift and go to state 3
    NOT             shift and go to state 4
    LPAREN          shift and go to state 5
    PROP            shift and go to state 6

    expression                     shift and go to state 22

state 10

    (4) expression -> FORALL expression . UNTIL expression
    (1) expression -> expression . AND expression
    (2) expression -> expression . OR expression
    (3) expression -> expression . IMPLIES expression

    UNTIL           shift and go to state 23
    AND             shift and go to state 7
    OR              shift and go to state 8
    IMPLIES         shift and go to state 9


state 11

    (6) expression -> FORALL GLOBALLY . expression
    (1) expression -> . expression AND expression
    (2) expression -> . expression OR expression
    (3) expression -> . expression IMPLIES expression
    (4) expression -> . FORALL expression UNTIL expression
    (5) expression -> . EXIST expression UNTIL expression
    (6) expression -> . FORALL GLOBALLY expression
    (7) expression -> . FORALL NEXT expression
    (8) expression -> . FORALL EVENTUALLY expression
    (9) expression -> . EXIST GLOBALLY expression
    (10) expression -> . EXIST NEXT expression
    (11) expression -> . EXIST EVENTUALLY expression
    (12) expression -> . NOT expression
    (13) expression -> . LPAREN expression RPAREN
    (14) expression -> . PROP

    FORALL          shift and go to state 2
    EXIST           shift and go to state 3
    NOT             shift and go to state 4
    LPAREN          shift and go to state 5
    PROP            shift and go to state 6

    expression                     shift and go to state 24

state 12

    (7) expression -> FORALL NEXT . expression
    (1) expression -> . expression AND expression
    (2) expression -> . expression OR expression
    (3) expression -> . expression IMPLIES expression
    (4) expression -> . FORALL expression UNTIL expression
    (5) expression -> . EXIST expression UNTIL expression
    (6) expression -> . FORALL GLOBALLY expression
    (7) expression -> . FORALL NEXT expression
    (8) expression -> . FORALL EVENTUALLY expression
    (9) expression -> . EXIST GLOBALLY expression
    (10) expression -> . EXIST NEXT expression
    (11) expression -> . EXIST EVENTUALLY expression
    (12) expression -> . NOT expression
    (13) expression -> . LPAREN expression RPAREN
    (14) expression -> . PROP

    FORALL          shift and go to state 2
    EXIST           shift and go to state 3
    NOT             shift and go to state 4
    LPAREN          shift and go to state 5
    PROP            shift and go to state 6

    expression                     shift and go to state 25

state 13

    (8) expression -> FORALL EVENTUALLY . expression
    (1) expression -> . expression AND expression
    (2) expression -> . expression OR expression
    (3) expression -> . expression IMPLIES expression
    (4) expression -> . FORALL expression UNTIL expression
    (5) expression -> . EXIST expression UNTIL expression
    (6) expression -> . FORALL GLOBALLY expression
    (7) expression -> . FORALL NEXT expression
    (8) expression -> . FORALL EVENTUALLY expression
    (9) expression -> . EXIST GLOBALLY expression
    (10) expression -> . EXIST NEXT expression
    (11) expression -> . EXIST EVENTUALLY expression
    (12) expression -> . NOT expression
    (13) expression -> . LPAREN expression RPAREN
    (14) expression -> . PROP

    FORALL          shift and go to state 2
    EXIST           shift and go to state 3
    NOT             shift and go to state 4
    LPAREN          shift and go to state 5
    PROP            shift and go to state 6

    expression                     shift and go to state 26

state 14

    (5) expression -> EXIST expression . UNTIL expression
    (1) expression -> expression . AND expression
    (2) expression -> expression . OR expression
    (3) expression -> expression . IMPLIES expression

    UNTIL           shift and go to state 27
    AND             shift and go to state 7
    OR              shift and go to state 8
    IMPLIES         shift and go to state 9


state 15

    (9) expression -> EXIST GLOBALLY . expression
    (1) expression -> . expression AND expression
    (2) expression -> . expression OR expression
    (3) expression -> . expression IMPLIES expression
    (4) expression -> . FORALL expression UNTIL expression
    (5) expression -> . EXIST expression UNTIL expression
    (6) expression -> . FORALL GLOBALLY expression
    (7) expression -> . FORALL NEXT expression
    (8) expression -> . FORALL EVENTUALLY expression
    (9) expression -> . EXIST GLOBALLY expression
    (10) expression -> . EXIST NEXT expression
    (11) expression -> . EXIST EVENTUALLY expression
    (12) expression -> . NOT expression
    (13) expression -> . LPAREN expression RPAREN
    (14) expression -> . PROP

    FORALL          shift and go to state 2
    EXIST           shift and go to state 3
    NOT             shift and go to state 4
    LPAREN          shift and go to state 5
    PROP            shift and go to state 6

    expression                     shift and go to state 28

state 16

    (10) expression -> EXIST NEXT . expression
    (1) expression -> . expression AND expression
    (2) expression -> . expression OR expression
    (3) expression -> . expression IMPLIES expression
    (4) expression -> . FORALL expression UNTIL expression
    (5) expression -> . EXIST expression UNTIL expression
    (6) expression -> . FORALL GLOBALLY expression
    (7) expression -> . FORALL NEXT expression
    (8) expression -> . FORALL EVENTUALLY expression
    (9) expression -> . EXIST GLOBALLY expression
    (10) expression -> . EXIST NEXT expression
    (11) expression -> . EXIST EVENTUALLY expression
    (12) expression -> . NOT expression
    (13) expression -> . LPAREN expression RPAREN
    (14) expression -> . PROP

    FORALL          shift and go to state 2
    EXIST           shift and go to state 3
    NOT             shift and go to state 4
    LPAREN          shift and go to state 5
    PROP            shift and go to state 6

    expression                     shift and go to state 29

state 17

    (11) expression -> EXIST EVENTUALLY . expression
    (1) expression -> . expression AND expression
    (2) expression -> . expression OR expression
    (3) expression -> . expression IMPLIES expression
    (4) expression -> . FORALL expression UNTIL expression
    (5) expression -> . EXIST expression UNTIL expression
    (6) expression -> . FORALL GLOBALLY expression
    (7) expression -> . FORALL NEXT expression
    (8) expression -> . FORALL EVENTUALLY expression
    (9) expression -> . EXIST GLOBALLY expression
    (10) expression -> . EXIST NEXT expression
    (11) expression -> . EXIST EVENTUALLY expression
    (12) expression -> . NOT expression
    (13) expression -> . LPAREN expression RPAREN
    (14) expression -> . PROP

    FORALL          shift and go to state 2
    EXIST           shift and go to state 3
    NOT             shift and go to state 4
    LPAREN          shift and go to state 5
    PROP            shift and go to state 6

    expression                     shift and go to state 30

state 18

    (12) expression -> NOT expression .
    (1) expression -> expression . AND expression
    (2) expression -> expression . OR expression
    (3) expression -> expression . IMPLIES expression

  ! shift/reduce conflict for AND resolved as shift
  ! shift/reduce conflict for OR resolved as shift
  ! shift/reduce conflict for IMPLIES resolved as shift
    $end            reduce using rule 12 (expression -> NOT expression .)
    UNTIL           reduce using rule 12 (expression -> NOT expression .)
    RPAREN          reduce using rule 12 (expression -> NOT expression .)
    AND             shift and go to state 7
    OR              shift and go to state 8
    IMPLIES         shift and go to state 9

  ! AND             [ reduce using rule 12 (expression -> NOT expression .) ]
  ! OR              [ reduce using rule 12 (expression -> NOT expression .) ]
  ! IMPLIES         [ reduce using rule 12 (expression -> NOT expression .) ]


state 19

    (13) expression -> LPAREN expression . RPAREN
    (1) expression -> expression . AND expression
    (2) expression -> expression . OR expression
    (3) expression -> expression . IMPLIES expression

    RPAREN          shift and go to state 31
    AND             shift and go to state 7
    OR              shift and go to state 8
    IMPLIES         shift and go to state 9


state 20

    (1) expression -> expression AND expression .
    (1) expression -> expression . AND expression
    (2) expression -> expression . OR expression
    (3) expression -> expression . IMPLIES expression

  ! shift/reduce conflict for AND resolved as shift
  ! shift/reduce conflict for OR resolved as shift
  ! shift/reduce conflict for IMPLIES resolved as shift
    $end            reduce using rule 1 (expression -> expression AND expression .)
    UNTIL           reduce using rule 1 (expression -> expression AND expression .)
    RPAREN          reduce using rule 1 (expression -> expression AND expression .)
    AND             shift and go to state 7
    OR              shift and go to state 8
    IMPLIES         shift and go to state 9

  ! AND             [ reduce using rule 1 (expression -> expression AND expression .) ]
  ! OR              [ reduce using rule 1 (expression -> expression AND expression .) ]
  ! IMPLIES         [ reduce using rule 1 (expression -> expression AND expression .) ]


state 21

    (2) expression -> expression OR expression .
    (1) expression -> expression . AND expression
    (2) expression -> expression . OR expression
    (3) expression -> expression . IMPLIES expression

  ! shift/reduce conflict for AND resolved as shift
  ! shift/reduce conflict for OR resolved as shift
  ! shift/reduce conflict for IMPLIES resolved as shift
    $end            reduce using rule 2 (expression -> expression OR expression .)
    UNTIL           reduce using rule 2 (expression -> expression OR expression .)
    RPAREN          reduce using rule 2 (expression -> expression OR expression .)
    AND             shift and go to state 7
    OR              shift and go to state 8
    IMPLIES         shift and go to state 9

  ! AND             [ reduce using rule 2 (expression -> expression OR expression .) ]
  ! OR              [ reduce using rule 2 (expression -> expression OR expression .) ]
  ! IMPLIES         [ reduce using rule 2 (expression -> expression OR expression .) ]


state 22

    (3) expression -> expression IMPLIES expression .
    (1) expression -> expression . AND expression
    (2) expression -> expression . OR expression
    (3) expression -> expression . IMPLIES expression

  ! shift/reduce conflict for AND resolved as shift
  ! shift/reduce conflict for OR resolved as shift
  ! shift/reduce conflict for IMPLIES resolved as shift
    $end            reduce using rule 3 (expression -> expression IMPLIES expression .)
    UNTIL           reduce using rule 3 (expression -> expression IMPLIES expression .)
    RPAREN          reduce using rule 3 (expression -> expression IMPLIES expression .)
    AND             shift and go to state 7
    OR              shift and go to state 8
    IMPLIES         shift and go to state 9

  ! AND             [ reduce using rule 3 (expression -> expression IMPLIES expression .) ]
  ! OR              [ reduce using rule 3 (expression -> expression IMPLIES expression .) ]
  ! IMPLIES         [ reduce using rule 3 (expression -> expression IMPLIES expression .) ]


state 23

    (4) expression -> FORALL expression UNTIL . expression
    (1) expression -> . expression AND expression
    (2) expression -> . expression OR expression
    (3) expression -> . expression IMPLIES expression
    (4) expression -> . FORALL expression UNTIL expression
    (5) expression -> . EXIST expression UNTIL expression
    (6) expression -> . FORALL GLOBALLY expression
    (7) expression -> . FORALL NEXT expression
    (8) expression -> . FORALL EVENTUALLY expression
    (9) expression -> . EXIST GLOBALLY expression
    (10) expression -> . EXIST NEXT expression
    (11) expression -> . EXIST EVENTUALLY expression
    (12) expression -> . NOT expression
    (13) expression -> . LPAREN expression RPAREN
    (14) expression -> . PROP

    FORALL          shift and go to state 2
    EXIST           shift and go to state 3
    NOT             shift and go to state 4
    LPAREN          shift and go to state 5
    PROP            shift and go to state 6

    expression                     shift and go to state 32

state 24

    (6) expression -> FORALL GLOBALLY expression .
    (1) expression -> expression . AND expression
    (2) expression -> expression . OR expression
    (3) expression -> expression . IMPLIES expression

  ! shift/reduce conflict for AND resolved as shift
  ! shift/reduce conflict for OR resolved as shift
  ! shift/reduce conflict for IMPLIES resolved as shift
    $end            reduce using rule 6 (expression -> FORALL GLOBALLY expression .)
    UNTIL           reduce using rule 6 (expression -> FORALL GLOBALLY expression .)
    RPAREN          reduce using rule 6 (expression -> FORALL GLOBALLY expression .)
    AND             shift and go to state 7
    OR              shift and go to state 8
    IMPLIES         shift and go to state 9

  ! AND             [ reduce using rule 6 (expression -> FORALL GLOBALLY expression .) ]
  ! OR              [ reduce using rule 6 (expression -> FORALL GLOBALLY expression .) ]
  ! IMPLIES         [ reduce using rule 6 (expression -> FORALL GLOBALLY expression .) ]


state 25

    (7) expression -> FORALL NEXT expression .
    (1) expression -> expression . AND expression
    (2) expression -> expression . OR expression
    (3) expression -> expression . IMPLIES expression

  ! shift/reduce conflict for AND resolved as shift
  ! shift/reduce conflict for OR resolved as shift
  ! shift/reduce conflict for IMPLIES resolved as shift
    $end            reduce using rule 7 (expression -> FORALL NEXT expression .)
    UNTIL           reduce using rule 7 (expression -> FORALL NEXT expression .)
    RPAREN          reduce using rule 7 (expression -> FORALL NEXT expression .)
    AND             shift and go to state 7
    OR              shift and go to state 8
    IMPLIES         shift and go to state 9

  ! AND             [ reduce using rule 7 (expression -> FORALL NEXT expression .) ]
  ! OR              [ reduce using rule 7 (expression -> FORALL NEXT expression .) ]
  ! IMPLIES         [ reduce using rule 7 (expression -> FORALL NEXT expression .) ]


state 26

    (8) expression -> FORALL EVENTUALLY expression .
    (1) expression -> expression . AND expression
    (2) expression -> expression . OR expression
    (3) expression -> expression . IMPLIES expression

  ! shift/reduce conflict for AND resolved as shift
  ! shift/reduce conflict for OR resolved as shift
  ! shift/reduce conflict for IMPLIES resolved as shift
    $end            reduce using rule 8 (expression -> FORALL EVENTUALLY expression .)
    UNTIL           reduce using rule 8 (expression -> FORALL EVENTUALLY expression .)
    RPAREN          reduce using rule 8 (expression -> FORALL EVENTUALLY expression .)
    AND             shift and go to state 7
    OR              shift and go to state 8
    IMPLIES         shift and go to state 9

  ! AND             [ reduce using rule 8 (expression -> FORALL EVENTUALLY expression .) ]
  ! OR              [ reduce using rule 8 (expression -> FORALL EVENTUALLY expression .) ]
  ! IMPLIES         [ reduce using rule 8 (expression -> FORALL EVENTUALLY expression .) ]


state 27

    (5) expression -> EXIST expression UNTIL . expression
    (1) expression -> . expression AND expression
    (2) expression -> . expression OR expression
    (3) expression -> . expression IMPLIES expression
    (4) expression -> . FORALL expression UNTIL expression
    (5) expression -> . EXIST expression UNTIL expression
    (6) expression -> . FORALL GLOBALLY expression
    (7) expression -> . FORALL NEXT expression
    (8) expression -> . FORALL EVENTUALLY expression
    (9) expression -> . EXIST GLOBALLY expression
    (10) expression -> . EXIST NEXT expression
    (11) expression -> . EXIST EVENTUALLY expression
    (12) expression -> . NOT expression
    (13) expression -> . LPAREN expression RPAREN
    (14) expression -> . PROP

    FORALL          shift and go to state 2
    EXIST           shift and go to state 3
    NOT             shift and go to state 4
    LPAREN          shift and go to state 5
    PROP            shift and go to state 6

    expression                     shift and go to state 33

state 28

    (9) expression -> EXIST GLOBALLY expression .
    (1) expression -> expression . AND expression
    (2) expression -> expression . OR expression
    (3) expression -> expression . IMPLIES expression

  ! shift/reduce conflict for AND resolved as shift
  ! shift/reduce conflict for OR resolved as shift
  ! shift/reduce conflict for IMPLIES resolved as shift
    $end            reduce using rule 9 (expression -> EXIST GLOBALLY expression .)
    UNTIL           reduce using rule 9 (expression -> EXIST GLOBALLY expression .)
    RPAREN          reduce using rule 9 (expression -> EXIST GLOBALLY expression .)
    AND             shift and go to state 7
    OR              shift and go to state 8
    IMPLIES         shift and go to state 9

  ! AND             [ reduce using rule 9 (expression -> EXIST GLOBALLY expression .) ]
  ! OR              [ reduce using rule 9 (expression -> EXIST GLOBALLY expression .) ]
  ! IMPLIES         [ reduce using rule 9 (expression -> EXIST GLOBALLY expression .) ]


state 29

    (10) expression -> EXIST NEXT expression .
    (1) expression -> expression . AND expression
    (2) expression -> expression . OR expression
    (3) expression -> expression . IMPLIES expression

  ! shift/reduce conflict for AND resolved as shift
  ! shift/reduce conflict for OR resolved as shift
  ! shift/reduce conflict for IMPLIES resolved as shift
    $end            reduce using rule 10 (expression -> EXIST NEXT expression .)
    UNTIL           reduce using rule 10 (expression -> EXIST NEXT expression .)
    RPAREN          reduce using rule 10 (expression -> EXIST NEXT expression .)
    AND             shift and go to state 7
    OR              shift and go to state 8
    IMPLIES         shift and go to state 9

  ! AND             [ reduce using rule 10 (expression -> EXIST NEXT expression .) ]
  ! OR              [ reduce using rule 10 (expression -> EXIST NEXT expression .) ]
  ! IMPLIES         [ reduce using rule 10 (expression -> EXIST NEXT expression .) ]


state 30

    (11) expression -> EXIST EVENTUALLY expression .
    (1) expression -> expression . AND expression
    (2) expression -> expression . OR expression
    (3) expression -> expression . IMPLIES expression

  ! shift/reduce conflict for AND resolved as shift
  ! shift/reduce conflict for OR resolved as shift
  ! shift/reduce conflict for IMPLIES resolved as shift
    $end            reduce using rule 11 (expression -> EXIST EVENTUALLY expression .)
    UNTIL           reduce using rule 11 (expression -> EXIST EVENTUALLY expression .)
    RPAREN          reduce using rule 11 (expression -> EXIST EVENTUALLY expression .)
    AND             shift and go to state 7
    OR              shift and go to state 8
    IMPLIES         shift and go to state 9

  ! AND             [ reduce using rule 11 (expression -> EXIST EVENTUALLY expression .) ]
  ! OR              [ reduce using rule 11 (expression -> EXIST EVENTUALLY expression .) ]
  ! IMPLIES         [ reduce using rule 11 (expression -> EXIST EVENTUALLY expression .) ]


state 31

    (13) expression -> LPAREN expression RPAREN .

    AND             reduce using rule 13 (expression -> LPAREN expression RPAREN .)
    OR              reduce using rule 13 (expression -> LPAREN expression RPAREN .)
    IMPLIES         reduce using rule 13 (expression -> LPAREN expression RPAREN .)
    $end            reduce using rule 13 (expression -> LPAREN expression RPAREN .)
    UNTIL           reduce using rule 13 (expression -> LPAREN expression RPAREN .)
    RPAREN          reduce using rule 13 (expression -> LPAREN expression RPAREN .)


state 32

    (4) expression -> FORALL expression UNTIL expression .
    (1) expression -> expression . AND expression
    (2) expression -> expression . OR expression
    (3) expression -> expression . IMPLIES expression

  ! shift/reduce conflict for AND resolved as shift
  ! shift/reduce conflict for OR resolved as shift
  ! shift/reduce conflict for IMPLIES resolved as shift
    $end            reduce using rule 4 (expression -> FORALL expression UNTIL expression .)
    UNTIL           reduce using rule 4 (expression -> FORALL expression UNTIL expression .)
    RPAREN          reduce using rule 4 (expression -> FORALL expression UNTIL expression .)
    AND             shift and go to state 7
    OR              shift and go to state 8
    IMPLIES         shift and go to state 9

  ! AND             [ reduce using rule 4 (expression -> FORALL expression UNTIL expression .) ]
  ! OR              [ reduce using rule 4 (expression -> FORALL expression UNTIL expression .) ]
  ! IMPLIES         [ reduce using rule 4 (expression -> FORALL expression UNTIL expression .) ]


state 33

    (5) expression -> EXIST expression UNTIL expression .
    (1) expression -> expression . AND expression
    (2) expression -> expression . OR expression
    (3) expression -> expression . IMPLIES expression

  ! shift/reduce conflict for AND resolved as shift
  ! shift/reduce conflict for OR resolved as shift
  ! shift/reduce conflict for IMPLIES resolved as shift
    $end            reduce using rule 5 (expression -> EXIST expression UNTIL expression .)
    UNTIL           reduce using rule 5 (expression -> EXIST expression UNTIL expression .)
    RPAREN          reduce using rule 5 (expression -> EXIST expression UNTIL expression .)
    AND             shift and go to state 7
    OR              shift and go to state 8
    IMPLIES         shift and go to state 9

  ! AND             [ reduce using rule 5 (expression -> EXIST expression UNTIL expression .) ]
  ! OR              [ reduce using rule 5 (expression -> EXIST expression UNTIL expression .) ]
  ! IMPLIES         [ reduce using rule 5 (expression -> EXIST expression UNTIL expression .) ]

WARNING: 
WARNING: Conflicts:
WARNING: 
WARNING: shift/reduce conflict for AND in state 18 resolved as shift
WARNING: shift/reduce conflict for OR in state 18 resolved as shift
WARNING: shift/reduce conflict for IMPLIES in state 18 resolved as shift
WARNING: shift/reduce conflict for AND in state 20 resolved as shift
WARNING: shift/reduce conflict for OR in state 20 resolved as shift
WARNING: shift/reduce conflict for IMPLIES in state 20 resolved as shift
WARNING: shift/reduce conflict for AND in state 21 resolved as shift
WARNING: shift/reduce conflict for OR in state 21 resolved as shift
WARNING: shift/reduce conflict for IMPLIES in state 21 resolved as shift
WARNING: shift/reduce conflict for AND in state 22 resolved as shift
WARNING: shift/reduce conflict for OR in state 22 resolved as shift
WARNING: shift/reduce conflict for IMPLIES in state 22 resolved as shift
WARNING: shift/reduce conflict for AND in state 24 resolved as shift
WARNING: shift/reduce conflict for OR in state 24 resolved as shift
WARNING: shift/reduce conflict for IMPLIES in state 24 resolved as shift
WARNING: shift/reduce conflict for AND in state 25 resolved as shift
WARNING: shift/reduce conflict for OR in state 25 resolved as shift
WARNING: shift/reduce conflict for IMPLIES in state 25 resolved as shift
WARNING: shift/reduce conflict for AND in state 26 resolved as shift
WARNING: shift/reduce conflict for OR in state 26 resolved as shift
WARNING: shift/reduce conflict for IMPLIES in state 26 resolved as shift
WARNING: shift/reduce conflict for AND in state 28 resolved as shift
WARNING: shift/reduce conflict for OR in state 28 resolved as shift
WARNING: shift/reduce conflict for IMPLIES in state 28 resolved as shift
WARNING: shift/reduce conflict for AND in state 29 resolved as shift
WARNING: shift/reduce conflict for OR in state 29 resolved as shift
WARNING: shift/reduce conflict for IMPLIES in state 29 resolved as shift
WARNING: shift/reduce conflict for AND in state 30 resolved as shift
WARNING: shift/reduce conflict for OR in state 30 resolved as shift
WARNING: shift/reduce conflict for IMPLIES in state 30 resolved as shift
WARNING: shift/reduce conflict for AND in state 32 resolved as shift
WARNING: shift/reduce conflict for OR in state 32 resolved as shift
WARNING: shift/reduce conflict for IMPLIES in state 32 resolved as shift
WARNING: shift/reduce conflict for AND in state 33 resolved as shift
WARNING: shift/reduce conflict for OR in state 33 resolved as shift
WARNING: shift/reduce conflict for IMPLIES in state 33 resolved as shift
