Created by PLY version 3.11 (http://www.dabeaz.com/ply)

Grammar

Rule 0     S' -> expression
Rule 1     expression -> expression AND expression
Rule 2     expression -> expression OR expression
Rule 3     expression -> expression IMPLIES expression
Rule 4     expression -> COALITION_DEMONIC expression UNTIL expression
Rule 5     expression -> COALITION_DEMONIC expression WEAK expression
Rule 6     expression -> COALITION_DEMONIC expression RELEASE expression
Rule 7     expression -> COALITION_DEMONIC GLOBALLY expression
Rule 8     expression -> COALITION_DEMONIC NEXT expression
Rule 9     expression -> COALITION_DEMONIC EVENTUALLY expression
Rule 10    expression -> NOT expression
Rule 11    expression -> LPAREN expression RPAREN
Rule 12    expression -> FALSE
Rule 13    expression -> TRUE
Rule 14    expression -> PROP

Terminals, with rules where they appear

AND                  : 1
COALITION_DEMONIC    : 4 5 6 7 8 9
EVENTUALLY           : 9
FALSE                : 12
GLOBALLY             : 7
IMPLIES              : 3
LPAREN               : 11
NEXT                 : 8
NOT                  : 10
OR                   : 2
PROP                 : 14
RELEASE              : 6
RPAREN               : 11
TRUE                 : 13
UNTIL                : 4
WEAK                 : 5
error                : 

Nonterminals, with rules where they appear

expression           : 1 1 2 2 3 3 4 4 5 5 6 6 7 8 9 10 11 0

Parsing method: LALR

state 0

    (0) S' -> . expression
    (1) expression -> . expression AND expression
    (2) expression -> . expression OR expression
    (3) expression -> . expression IMPLIES expression
    (4) expression -> . COALITION_DEMONIC expression UNTIL expression
    (5) expression -> . COALITION_DEMONIC expression WEAK expression
    (6) expression -> . COALITION_DEMONIC expression RELEASE expression
    (7) expression -> . COALITION_DEMONIC GLOBALLY expression
    (8) expression -> . COALITION_DEMONIC NEXT expression
    (9) expression -> . COALITION_DEMONIC EVENTUALLY expression
    (10) expression -> . NOT expression
    (11) expression -> . LPAREN expression RPAREN
    (12) expression -> . FALSE
    (13) expression -> . TRUE
    (14) expression -> . PROP

    COALITION_DEMONIC shift and go to state 2
    NOT             shift and go to state 3
    LPAREN          shift and go to state 4
    FALSE           shift and go to state 5
    TRUE            shift and go to state 6
    PROP            shift and go to state 7

    expression                     shift and go to state 1

state 1

    (0) S' -> expression .
    (1) expression -> expression . AND expression
    (2) expression -> expression . OR expression
    (3) expression -> expression . IMPLIES expression

    AND             shift and go to state 8
    OR              shift and go to state 9
    IMPLIES         shift and go to state 10


state 2

    (4) expression -> COALITION_DEMONIC . expression UNTIL expression
    (5) expression -> COALITION_DEMONIC . expression WEAK expression
    (6) expression -> COALITION_DEMONIC . expression RELEASE expression
    (7) expression -> COALITION_DEMONIC . GLOBALLY expression
    (8) expression -> COALITION_DEMONIC . NEXT expression
    (9) expression -> COALITION_DEMONIC . EVENTUALLY expression
    (1) expression -> . expression AND expression
    (2) expression -> . expression OR expression
    (3) expression -> . expression IMPLIES expression
    (4) expression -> . COALITION_DEMONIC expression UNTIL expression
    (5) expression -> . COALITION_DEMONIC expression WEAK expression
    (6) expression -> . COALITION_DEMONIC expression RELEASE expression
    (7) expression -> . COALITION_DEMONIC GLOBALLY expression
    (8) expression -> . COALITION_DEMONIC NEXT expression
    (9) expression -> . COALITION_DEMONIC EVENTUALLY expression
    (10) expression -> . NOT expression
    (11) expression -> . LPAREN expression RPAREN
    (12) expression -> . FALSE
    (13) expression -> . TRUE
    (14) expression -> . PROP

    GLOBALLY        shift and go to state 12
    NEXT            shift and go to state 13
    EVENTUALLY      shift and go to state 14
    COALITION_DEMONIC shift and go to state 2
    NOT             shift and go to state 3
    LPAREN          shift and go to state 4
    FALSE           shift and go to state 5
    TRUE            shift and go to state 6
    PROP            shift and go to state 7

    expression                     shift and go to state 11

state 3

    (10) expression -> NOT . expression
    (1) expression -> . expression AND expression
    (2) expression -> . expression OR expression
    (3) expression -> . expression IMPLIES expression
    (4) expression -> . COALITION_DEMONIC expression UNTIL expression
    (5) expression -> . COALITION_DEMONIC expression WEAK expression
    (6) expression -> . COALITION_DEMONIC expression RELEASE expression
    (7) expression -> . COALITION_DEMONIC GLOBALLY expression
    (8) expression -> . COALITION_DEMONIC NEXT expression
    (9) expression -> . COALITION_DEMONIC EVENTUALLY expression
    (10) expression -> . NOT expression
    (11) expression -> . LPAREN expression RPAREN
    (12) expression -> . FALSE
    (13) expression -> . TRUE
    (14) expression -> . PROP

    COALITION_DEMONIC shift and go to state 2
    NOT             shift and go to state 3
    LPAREN          shift and go to state 4
    FALSE           shift and go to state 5
    TRUE            shift and go to state 6
    PROP            shift and go to state 7

    expression                     shift and go to state 15

state 4

    (11) expression -> LPAREN . expression RPAREN
    (1) expression -> . expression AND expression
    (2) expression -> . expression OR expression
    (3) expression -> . expression IMPLIES expression
    (4) expression -> . COALITION_DEMONIC expression UNTIL expression
    (5) expression -> . COALITION_DEMONIC expression WEAK expression
    (6) expression -> . COALITION_DEMONIC expression RELEASE expression
    (7) expression -> . COALITION_DEMONIC GLOBALLY expression
    (8) expression -> . COALITION_DEMONIC NEXT expression
    (9) expression -> . COALITION_DEMONIC EVENTUALLY expression
    (10) expression -> . NOT expression
    (11) expression -> . LPAREN expression RPAREN
    (12) expression -> . FALSE
    (13) expression -> . TRUE
    (14) expression -> . PROP

    COALITION_DEMONIC shift and go to state 2
    NOT             shift and go to state 3
    LPAREN          shift and go to state 4
    FALSE           shift and go to state 5
    TRUE            shift and go to state 6
    PROP            shift and go to state 7

    expression                     shift and go to state 16

state 5

    (12) expression -> FALSE .

    AND             reduce using rule 12 (expression -> FALSE .)
    OR              reduce using rule 12 (expression -> FALSE .)
    IMPLIES         reduce using rule 12 (expression -> FALSE .)
    $end            reduce using rule 12 (expression -> FALSE .)
    UNTIL           reduce using rule 12 (expression -> FALSE .)
    WEAK            reduce using rule 12 (expression -> FALSE .)
    RELEASE         reduce using rule 12 (expression -> FALSE .)
    RPAREN          reduce using rule 12 (expression -> FALSE .)


state 6

    (13) expression -> TRUE .

    AND             reduce using rule 13 (expression -> TRUE .)
    OR              reduce using rule 13 (expression -> TRUE .)
    IMPLIES         reduce using rule 13 (expression -> TRUE .)
    $end            reduce using rule 13 (expression -> TRUE .)
    UNTIL           reduce using rule 13 (expression -> TRUE .)
    WEAK            reduce using rule 13 (expression -> TRUE .)
    RELEASE         reduce using rule 13 (expression -> TRUE .)
    RPAREN          reduce using rule 13 (expression -> TRUE .)


state 7

    (14) expression -> PROP .

    AND             reduce using rule 14 (expression -> PROP .)
    OR              reduce using rule 14 (expression -> PROP .)
    IMPLIES         reduce using rule 14 (expression -> PROP .)
    $end            reduce using rule 14 (expression -> PROP .)
    UNTIL           reduce using rule 14 (expression -> PROP .)
    WEAK            reduce using rule 14 (expression -> PROP .)
    RELEASE         reduce using rule 14 (expression -> PROP .)
    RPAREN          reduce using rule 14 (expression -> PROP .)


state 8

    (1) expression -> expression AND . expression
    (1) expression -> . expression AND expression
    (2) expression -> . expression OR expression
    (3) expression -> . expression IMPLIES expression
    (4) expression -> . COALITION_DEMONIC expression UNTIL expression
    (5) expression -> . COALITION_DEMONIC expression WEAK expression
    (6) expression -> . COALITION_DEMONIC expression RELEASE expression
    (7) expression -> . COALITION_DEMONIC GLOBALLY expression
    (8) expression -> . COALITION_DEMONIC NEXT expression
    (9) expression -> . COALITION_DEMONIC EVENTUALLY expression
    (10) expression -> . NOT expression
    (11) expression -> . LPAREN expression RPAREN
    (12) expression -> . FALSE
    (13) expression -> . TRUE
    (14) expression -> . PROP

    COALITION_DEMONIC shift and go to state 2
    NOT             shift and go to state 3
    LPAREN          shift and go to state 4
    FALSE           shift and go to state 5
    TRUE            shift and go to state 6
    PROP            shift and go to state 7

    expression                     shift and go to state 17

state 9

    (2) expression -> expression OR . expression
    (1) expression -> . expression AND expression
    (2) expression -> . expression OR expression
    (3) expression -> . expression IMPLIES expression
    (4) expression -> . COALITION_DEMONIC expression UNTIL expression
    (5) expression -> . COALITION_DEMONIC expression WEAK expression
    (6) expression -> . COALITION_DEMONIC expression RELEASE expression
    (7) expression -> . COALITION_DEMONIC GLOBALLY expression
    (8) expression -> . COALITION_DEMONIC NEXT expression
    (9) expression -> . COALITION_DEMONIC EVENTUALLY expression
    (10) expression -> . NOT expression
    (11) expression -> . LPAREN expression RPAREN
    (12) expression -> . FALSE
    (13) expression -> . TRUE
    (14) expression -> . PROP

    COALITION_DEMONIC shift and go to state 2
    NOT             shift and go to state 3
    LPAREN          shift and go to state 4
    FALSE           shift and go to state 5
    TRUE            shift and go to state 6
    PROP            shift and go to state 7

    expression                     shift and go to state 18

state 10

    (3) expression -> expression IMPLIES . expression
    (1) expression -> . expression AND expression
    (2) expression -> . expression OR expression
    (3) expression -> . expression IMPLIES expression
    (4) expression -> . COALITION_DEMONIC expression UNTIL expression
    (5) expression -> . COALITION_DEMONIC expression WEAK expression
    (6) expression -> . COALITION_DEMONIC expression RELEASE expression
    (7) expression -> . COALITION_DEMONIC GLOBALLY expression
    (8) expression -> . COALITION_DEMONIC NEXT expression
    (9) expression -> . COALITION_DEMONIC EVENTUALLY expression
    (10) expression -> . NOT expression
    (11) expression -> . LPAREN expression RPAREN
    (12) expression -> . FALSE
    (13) expression -> . TRUE
    (14) expression -> . PROP

    COALITION_DEMONIC shift and go to state 2
    NOT             shift and go to state 3
    LPAREN          shift and go to state 4
    FALSE           shift and go to state 5
    TRUE            shift and go to state 6
    PROP            shift and go to state 7

    expression                     shift and go to state 19

state 11

    (4) expression -> COALITION_DEMONIC expression . UNTIL expression
    (5) expression -> COALITION_DEMONIC expression . WEAK expression
    (6) expression -> COALITION_DEMONIC expression . RELEASE expression
    (1) expression -> expression . AND expression
    (2) expression -> expression . OR expression
    (3) expression -> expression . IMPLIES expression

    UNTIL           shift and go to state 20
    WEAK            shift and go to state 21
    RELEASE         shift and go to state 22
    AND             shift and go to state 8
    OR              shift and go to state 9
    IMPLIES         shift and go to state 10


state 12

    (7) expression -> COALITION_DEMONIC GLOBALLY . expression
    (1) expression -> . expression AND expression
    (2) expression -> . expression OR expression
    (3) expression -> . expression IMPLIES expression
    (4) expression -> . COALITION_DEMONIC expression UNTIL expression
    (5) expression -> . COALITION_DEMONIC expression WEAK expression
    (6) expression -> . COALITION_DEMONIC expression RELEASE expression
    (7) expression -> . COALITION_DEMONIC GLOBALLY expression
    (8) expression -> . COALITION_DEMONIC NEXT expression
    (9) expression -> . COALITION_DEMONIC EVENTUALLY expression
    (10) expression -> . NOT expression
    (11) expression -> . LPAREN expression RPAREN
    (12) expression -> . FALSE
    (13) expression -> . TRUE
    (14) expression -> . PROP

    COALITION_DEMONIC shift and go to state 2
    NOT             shift and go to state 3
    LPAREN          shift and go to state 4
    FALSE           shift and go to state 5
    TRUE            shift and go to state 6
    PROP            shift and go to state 7

    expression                     shift and go to state 23

state 13

    (8) expression -> COALITION_DEMONIC NEXT . expression
    (1) expression -> . expression AND expression
    (2) expression -> . expression OR expression
    (3) expression -> . expression IMPLIES expression
    (4) expression -> . COALITION_DEMONIC expression UNTIL expression
    (5) expression -> . COALITION_DEMONIC expression WEAK expression
    (6) expression -> . COALITION_DEMONIC expression RELEASE expression
    (7) expression -> . COALITION_DEMONIC GLOBALLY expression
    (8) expression -> . COALITION_DEMONIC NEXT expression
    (9) expression -> . COALITION_DEMONIC EVENTUALLY expression
    (10) expression -> . NOT expression
    (11) expression -> . LPAREN expression RPAREN
    (12) expression -> . FALSE
    (13) expression -> . TRUE
    (14) expression -> . PROP

    COALITION_DEMONIC shift and go to state 2
    NOT             shift and go to state 3
    LPAREN          shift and go to state 4
    FALSE           shift and go to state 5
    TRUE            shift and go to state 6
    PROP            shift and go to state 7

    expression                     shift and go to state 24

state 14

    (9) expression -> COALITION_DEMONIC EVENTUALLY . expression
    (1) expression -> . expression AND expression
    (2) expression -> . expression OR expression
    (3) expression -> . expression IMPLIES expression
    (4) expression -> . COALITION_DEMONIC expression UNTIL expression
    (5) expression -> . COALITION_DEMONIC expression WEAK expression
    (6) expression -> . COALITION_DEMONIC expression RELEASE expression
    (7) expression -> . COALITION_DEMONIC GLOBALLY expression
    (8) expression -> . COALITION_DEMONIC NEXT expression
    (9) expression -> . COALITION_DEMONIC EVENTUALLY expression
    (10) expression -> . NOT expression
    (11) expression -> . LPAREN expression RPAREN
    (12) expression -> . FALSE
    (13) expression -> . TRUE
    (14) expression -> . PROP

    COALITION_DEMONIC shift and go to state 2
    NOT             shift and go to state 3
    LPAREN          shift and go to state 4
    FALSE           shift and go to state 5
    TRUE            shift and go to state 6
    PROP            shift and go to state 7

    expression                     shift and go to state 25

state 15

    (10) expression -> NOT expression .
    (1) expression -> expression . AND expression
    (2) expression -> expression . OR expression
    (3) expression -> expression . IMPLIES expression

  ! shift/reduce conflict for AND resolved as shift
  ! shift/reduce conflict for OR resolved as shift
  ! shift/reduce conflict for IMPLIES resolved as shift
    $end            reduce using rule 10 (expression -> NOT expression .)
    UNTIL           reduce using rule 10 (expression -> NOT expression .)
    WEAK            reduce using rule 10 (expression -> NOT expression .)
    RELEASE         reduce using rule 10 (expression -> NOT expression .)
    RPAREN          reduce using rule 10 (expression -> NOT expression .)
    AND             shift and go to state 8
    OR              shift and go to state 9
    IMPLIES         shift and go to state 10

  ! AND             [ reduce using rule 10 (expression -> NOT expression .) ]
  ! OR              [ reduce using rule 10 (expression -> NOT expression .) ]
  ! IMPLIES         [ reduce using rule 10 (expression -> NOT expression .) ]


state 16

    (11) expression -> LPAREN expression . RPAREN
    (1) expression -> expression . AND expression
    (2) expression -> expression . OR expression
    (3) expression -> expression . IMPLIES expression

    RPAREN          shift and go to state 26
    AND             shift and go to state 8
    OR              shift and go to state 9
    IMPLIES         shift and go to state 10


state 17

    (1) expression -> expression AND expression .
    (1) expression -> expression . AND expression
    (2) expression -> expression . OR expression
    (3) expression -> expression . IMPLIES expression

  ! shift/reduce conflict for AND resolved as shift
  ! shift/reduce conflict for OR resolved as shift
  ! shift/reduce conflict for IMPLIES resolved as shift
    $end            reduce using rule 1 (expression -> expression AND expression .)
    UNTIL           reduce using rule 1 (expression -> expression AND expression .)
    WEAK            reduce using rule 1 (expression -> expression AND expression .)
    RELEASE         reduce using rule 1 (expression -> expression AND expression .)
    RPAREN          reduce using rule 1 (expression -> expression AND expression .)
    AND             shift and go to state 8
    OR              shift and go to state 9
    IMPLIES         shift and go to state 10

  ! AND             [ reduce using rule 1 (expression -> expression AND expression .) ]
  ! OR              [ reduce using rule 1 (expression -> expression AND expression .) ]
  ! IMPLIES         [ reduce using rule 1 (expression -> expression AND expression .) ]


state 18

    (2) expression -> expression OR expression .
    (1) expression -> expression . AND expression
    (2) expression -> expression . OR expression
    (3) expression -> expression . IMPLIES expression

  ! shift/reduce conflict for AND resolved as shift
  ! shift/reduce conflict for OR resolved as shift
  ! shift/reduce conflict for IMPLIES resolved as shift
    $end            reduce using rule 2 (expression -> expression OR expression .)
    UNTIL           reduce using rule 2 (expression -> expression OR expression .)
    WEAK            reduce using rule 2 (expression -> expression OR expression .)
    RELEASE         reduce using rule 2 (expression -> expression OR expression .)
    RPAREN          reduce using rule 2 (expression -> expression OR expression .)
    AND             shift and go to state 8
    OR              shift and go to state 9
    IMPLIES         shift and go to state 10

  ! AND             [ reduce using rule 2 (expression -> expression OR expression .) ]
  ! OR              [ reduce using rule 2 (expression -> expression OR expression .) ]
  ! IMPLIES         [ reduce using rule 2 (expression -> expression OR expression .) ]


state 19

    (3) expression -> expression IMPLIES expression .
    (1) expression -> expression . AND expression
    (2) expression -> expression . OR expression
    (3) expression -> expression . IMPLIES expression

  ! shift/reduce conflict for AND resolved as shift
  ! shift/reduce conflict for OR resolved as shift
  ! shift/reduce conflict for IMPLIES resolved as shift
    $end            reduce using rule 3 (expression -> expression IMPLIES expression .)
    UNTIL           reduce using rule 3 (expression -> expression IMPLIES expression .)
    WEAK            reduce using rule 3 (expression -> expression IMPLIES expression .)
    RELEASE         reduce using rule 3 (expression -> expression IMPLIES expression .)
    RPAREN          reduce using rule 3 (expression -> expression IMPLIES expression .)
    AND             shift and go to state 8
    OR              shift and go to state 9
    IMPLIES         shift and go to state 10

  ! AND             [ reduce using rule 3 (expression -> expression IMPLIES expression .) ]
  ! OR              [ reduce using rule 3 (expression -> expression IMPLIES expression .) ]
  ! IMPLIES         [ reduce using rule 3 (expression -> expression IMPLIES expression .) ]


state 20

    (4) expression -> COALITION_DEMONIC expression UNTIL . expression
    (1) expression -> . expression AND expression
    (2) expression -> . expression OR expression
    (3) expression -> . expression IMPLIES expression
    (4) expression -> . COALITION_DEMONIC expression UNTIL expression
    (5) expression -> . COALITION_DEMONIC expression WEAK expression
    (6) expression -> . COALITION_DEMONIC expression RELEASE expression
    (7) expression -> . COALITION_DEMONIC GLOBALLY expression
    (8) expression -> . COALITION_DEMONIC NEXT expression
    (9) expression -> . COALITION_DEMONIC EVENTUALLY expression
    (10) expression -> . NOT expression
    (11) expression -> . LPAREN expression RPAREN
    (12) expression -> . FALSE
    (13) expression -> . TRUE
    (14) expression -> . PROP

    COALITION_DEMONIC shift and go to state 2
    NOT             shift and go to state 3
    LPAREN          shift and go to state 4
    FALSE           shift and go to state 5
    TRUE            shift and go to state 6
    PROP            shift and go to state 7

    expression                     shift and go to state 27

state 21

    (5) expression -> COALITION_DEMONIC expression WEAK . expression
    (1) expression -> . expression AND expression
    (2) expression -> . expression OR expression
    (3) expression -> . expression IMPLIES expression
    (4) expression -> . COALITION_DEMONIC expression UNTIL expression
    (5) expression -> . COALITION_DEMONIC expression WEAK expression
    (6) expression -> . COALITION_DEMONIC expression RELEASE expression
    (7) expression -> . COALITION_DEMONIC GLOBALLY expression
    (8) expression -> . COALITION_DEMONIC NEXT expression
    (9) expression -> . COALITION_DEMONIC EVENTUALLY expression
    (10) expression -> . NOT expression
    (11) expression -> . LPAREN expression RPAREN
    (12) expression -> . FALSE
    (13) expression -> . TRUE
    (14) expression -> . PROP

    COALITION_DEMONIC shift and go to state 2
    NOT             shift and go to state 3
    LPAREN          shift and go to state 4
    FALSE           shift and go to state 5
    TRUE            shift and go to state 6
    PROP            shift and go to state 7

    expression                     shift and go to state 28

state 22

    (6) expression -> COALITION_DEMONIC expression RELEASE . expression
    (1) expression -> . expression AND expression
    (2) expression -> . expression OR expression
    (3) expression -> . expression IMPLIES expression
    (4) expression -> . COALITION_DEMONIC expression UNTIL expression
    (5) expression -> . COALITION_DEMONIC expression WEAK expression
    (6) expression -> . COALITION_DEMONIC expression RELEASE expression
    (7) expression -> . COALITION_DEMONIC GLOBALLY expression
    (8) expression -> . COALITION_DEMONIC NEXT expression
    (9) expression -> . COALITION_DEMONIC EVENTUALLY expression
    (10) expression -> . NOT expression
    (11) expression -> . LPAREN expression RPAREN
    (12) expression -> . FALSE
    (13) expression -> . TRUE
    (14) expression -> . PROP

    COALITION_DEMONIC shift and go to state 2
    NOT             shift and go to state 3
    LPAREN          shift and go to state 4
    FALSE           shift and go to state 5
    TRUE            shift and go to state 6
    PROP            shift and go to state 7

    expression                     shift and go to state 29

state 23

    (7) expression -> COALITION_DEMONIC GLOBALLY expression .
    (1) expression -> expression . AND expression
    (2) expression -> expression . OR expression
    (3) expression -> expression . IMPLIES expression

  ! shift/reduce conflict for AND resolved as shift
  ! shift/reduce conflict for OR resolved as shift
  ! shift/reduce conflict for IMPLIES resolved as shift
    $end            reduce using rule 7 (expression -> COALITION_DEMONIC GLOBALLY expression .)
    UNTIL           reduce using rule 7 (expression -> COALITION_DEMONIC GLOBALLY expression .)
    WEAK            reduce using rule 7 (expression -> COALITION_DEMONIC GLOBALLY expression .)
    RELEASE         reduce using rule 7 (expression -> COALITION_DEMONIC GLOBALLY expression .)
    RPAREN          reduce using rule 7 (expression -> COALITION_DEMONIC GLOBALLY expression .)
    AND             shift and go to state 8
    OR              shift and go to state 9
    IMPLIES         shift and go to state 10

  ! AND             [ reduce using rule 7 (expression -> COALITION_DEMONIC GLOBALLY expression .) ]
  ! OR              [ reduce using rule 7 (expression -> COALITION_DEMONIC GLOBALLY expression .) ]
  ! IMPLIES         [ reduce using rule 7 (expression -> COALITION_DEMONIC GLOBALLY expression .) ]


state 24

    (8) expression -> COALITION_DEMONIC NEXT expression .
    (1) expression -> expression . AND expression
    (2) expression -> expression . OR expression
    (3) expression -> expression . IMPLIES expression

  ! shift/reduce conflict for AND resolved as shift
  ! shift/reduce conflict for OR resolved as shift
  ! shift/reduce conflict for IMPLIES resolved as shift
    $end            reduce using rule 8 (expression -> COALITION_DEMONIC NEXT expression .)
    UNTIL           reduce using rule 8 (expression -> COALITION_DEMONIC NEXT expression .)
    WEAK            reduce using rule 8 (expression -> COALITION_DEMONIC NEXT expression .)
    RELEASE         reduce using rule 8 (expression -> COALITION_DEMONIC NEXT expression .)
    RPAREN          reduce using rule 8 (expression -> COALITION_DEMONIC NEXT expression .)
    AND             shift and go to state 8
    OR              shift and go to state 9
    IMPLIES         shift and go to state 10

  ! AND             [ reduce using rule 8 (expression -> COALITION_DEMONIC NEXT expression .) ]
  ! OR              [ reduce using rule 8 (expression -> COALITION_DEMONIC NEXT expression .) ]
  ! IMPLIES         [ reduce using rule 8 (expression -> COALITION_DEMONIC NEXT expression .) ]


state 25

    (9) expression -> COALITION_DEMONIC EVENTUALLY expression .
    (1) expression -> expression . AND expression
    (2) expression -> expression . OR expression
    (3) expression -> expression . IMPLIES expression

  ! shift/reduce conflict for AND resolved as shift
  ! shift/reduce conflict for OR resolved as shift
  ! shift/reduce conflict for IMPLIES resolved as shift
    $end            reduce using rule 9 (expression -> COALITION_DEMONIC EVENTUALLY expression .)
    UNTIL           reduce using rule 9 (expression -> COALITION_DEMONIC EVENTUALLY expression .)
    WEAK            reduce using rule 9 (expression -> COALITION_DEMONIC EVENTUALLY expression .)
    RELEASE         reduce using rule 9 (expression -> COALITION_DEMONIC EVENTUALLY expression .)
    RPAREN          reduce using rule 9 (expression -> COALITION_DEMONIC EVENTUALLY expression .)
    AND             shift and go to state 8
    OR              shift and go to state 9
    IMPLIES         shift and go to state 10

  ! AND             [ reduce using rule 9 (expression -> COALITION_DEMONIC EVENTUALLY expression .) ]
  ! OR              [ reduce using rule 9 (expression -> COALITION_DEMONIC EVENTUALLY expression .) ]
  ! IMPLIES         [ reduce using rule 9 (expression -> COALITION_DEMONIC EVENTUALLY expression .) ]


state 26

    (11) expression -> LPAREN expression RPAREN .

    AND             reduce using rule 11 (expression -> LPAREN expression RPAREN .)
    OR              reduce using rule 11 (expression -> LPAREN expression RPAREN .)
    IMPLIES         reduce using rule 11 (expression -> LPAREN expression RPAREN .)
    $end            reduce using rule 11 (expression -> LPAREN expression RPAREN .)
    UNTIL           reduce using rule 11 (expression -> LPAREN expression RPAREN .)
    WEAK            reduce using rule 11 (expression -> LPAREN expression RPAREN .)
    RELEASE         reduce using rule 11 (expression -> LPAREN expression RPAREN .)
    RPAREN          reduce using rule 11 (expression -> LPAREN expression RPAREN .)


state 27

    (4) expression -> COALITION_DEMONIC expression UNTIL expression .
    (1) expression -> expression . AND expression
    (2) expression -> expression . OR expression
    (3) expression -> expression . IMPLIES expression

  ! shift/reduce conflict for AND resolved as shift
  ! shift/reduce conflict for OR resolved as shift
  ! shift/reduce conflict for IMPLIES resolved as shift
    $end            reduce using rule 4 (expression -> COALITION_DEMONIC expression UNTIL expression .)
    UNTIL           reduce using rule 4 (expression -> COALITION_DEMONIC expression UNTIL expression .)
    WEAK            reduce using rule 4 (expression -> COALITION_DEMONIC expression UNTIL expression .)
    RELEASE         reduce using rule 4 (expression -> COALITION_DEMONIC expression UNTIL expression .)
    RPAREN          reduce using rule 4 (expression -> COALITION_DEMONIC expression UNTIL expression .)
    AND             shift and go to state 8
    OR              shift and go to state 9
    IMPLIES         shift and go to state 10

  ! AND             [ reduce using rule 4 (expression -> COALITION_DEMONIC expression UNTIL expression .) ]
  ! OR              [ reduce using rule 4 (expression -> COALITION_DEMONIC expression UNTIL expression .) ]
  ! IMPLIES         [ reduce using rule 4 (expression -> COALITION_DEMONIC expression UNTIL expression .) ]


state 28

    (5) expression -> COALITION_DEMONIC expression WEAK expression .
    (1) expression -> expression . AND expression
    (2) expression -> expression . OR expression
    (3) expression -> expression . IMPLIES expression

  ! shift/reduce conflict for AND resolved as shift
  ! shift/reduce conflict for OR resolved as shift
  ! shift/reduce conflict for IMPLIES resolved as shift
    $end            reduce using rule 5 (expression -> COALITION_DEMONIC expression WEAK expression .)
    UNTIL           reduce using rule 5 (expression -> COALITION_DEMONIC expression WEAK expression .)
    WEAK            reduce using rule 5 (expression -> COALITION_DEMONIC expression WEAK expression .)
    RELEASE         reduce using rule 5 (expression -> COALITION_DEMONIC expression WEAK expression .)
    RPAREN          reduce using rule 5 (expression -> COALITION_DEMONIC expression WEAK expression .)
    AND             shift and go to state 8
    OR              shift and go to state 9
    IMPLIES         shift and go to state 10

  ! AND             [ reduce using rule 5 (expression -> COALITION_DEMONIC expression WEAK expression .) ]
  ! OR              [ reduce using rule 5 (expression -> COALITION_DEMONIC expression WEAK expression .) ]
  ! IMPLIES         [ reduce using rule 5 (expression -> COALITION_DEMONIC expression WEAK expression .) ]


state 29

    (6) expression -> COALITION_DEMONIC expression RELEASE expression .
    (1) expression -> expression . AND expression
    (2) expression -> expression . OR expression
    (3) expression -> expression . IMPLIES expression

  ! shift/reduce conflict for AND resolved as shift
  ! shift/reduce conflict for OR resolved as shift
  ! shift/reduce conflict for IMPLIES resolved as shift
    $end            reduce using rule 6 (expression -> COALITION_DEMONIC expression RELEASE expression .)
    UNTIL           reduce using rule 6 (expression -> COALITION_DEMONIC expression RELEASE expression .)
    WEAK            reduce using rule 6 (expression -> COALITION_DEMONIC expression RELEASE expression .)
    RELEASE         reduce using rule 6 (expression -> COALITION_DEMONIC expression RELEASE expression .)
    RPAREN          reduce using rule 6 (expression -> COALITION_DEMONIC expression RELEASE expression .)
    AND             shift and go to state 8
    OR              shift and go to state 9
    IMPLIES         shift and go to state 10

  ! AND             [ reduce using rule 6 (expression -> COALITION_DEMONIC expression RELEASE expression .) ]
  ! OR              [ reduce using rule 6 (expression -> COALITION_DEMONIC expression RELEASE expression .) ]
  ! IMPLIES         [ reduce using rule 6 (expression -> COALITION_DEMONIC expression RELEASE expression .) ]

WARNING: 
WARNING: Conflicts:
WARNING: 
WARNING: shift/reduce conflict for AND in state 15 resolved as shift
WARNING: shift/reduce conflict for OR in state 15 resolved as shift
WARNING: shift/reduce conflict for IMPLIES in state 15 resolved as shift
WARNING: shift/reduce conflict for AND in state 17 resolved as shift
WARNING: shift/reduce conflict for OR in state 17 resolved as shift
WARNING: shift/reduce conflict for IMPLIES in state 17 resolved as shift
WARNING: shift/reduce conflict for AND in state 18 resolved as shift
WARNING: shift/reduce conflict for OR in state 18 resolved as shift
WARNING: shift/reduce conflict for IMPLIES in state 18 resolved as shift
WARNING: shift/reduce conflict for AND in state 19 resolved as shift
WARNING: shift/reduce conflict for OR in state 19 resolved as shift
WARNING: shift/reduce conflict for IMPLIES in state 19 resolved as shift
WARNING: shift/reduce conflict for AND in state 23 resolved as shift
WARNING: shift/reduce conflict for OR in state 23 resolved as shift
WARNING: shift/reduce conflict for IMPLIES in state 23 resolved as shift
WARNING: shift/reduce conflict for AND in state 24 resolved as shift
WARNING: shift/reduce conflict for OR in state 24 resolved as shift
WARNING: shift/reduce conflict for IMPLIES in state 24 resolved as shift
WARNING: shift/reduce conflict for AND in state 25 resolved as shift
WARNING: shift/reduce conflict for OR in state 25 resolved as shift
WARNING: shift/reduce conflict for IMPLIES in state 25 resolved as shift
WARNING: shift/reduce conflict for AND in state 27 resolved as shift
WARNING: shift/reduce conflict for OR in state 27 resolved as shift
WARNING: shift/reduce conflict for IMPLIES in state 27 resolved as shift
WARNING: shift/reduce conflict for AND in state 28 resolved as shift
WARNING: shift/reduce conflict for OR in state 28 resolved as shift
WARNING: shift/reduce conflict for IMPLIES in state 28 resolved as shift
WARNING: shift/reduce conflict for AND in state 29 resolved as shift
WARNING: shift/reduce conflict for OR in state 29 resolved as shift
WARNING: shift/reduce conflict for IMPLIES in state 29 resolved as shift
